<?xml version="1.0" encoding="UTF-8"?>
<!-- Generated by org.testng.reporters.JUnitReportReporter -->
<testsuite skipped="0" hostname="DESKTOP-VE578IL" name="com.wyden.AutomatedWeb.SeleniumTest" tests="1" failures="0" timestamp="21 jun 2018 01:14:02 GMT" time="26.119" errors="0">
  <testcase name="acessarMenuUnidadesTeste" time="26.119" classname="com.wyden.AutomatedWeb.SeleniumTest"/>
</testsuite> <!-- com.wyden.AutomatedWeb.SeleniumTest -->
