<?xml version="1.0" encoding="UTF-8"?>
<!-- Generated by org.testng.reporters.JUnitReportReporter -->
<testsuite skipped="0" hostname="DESKTOP-VE578IL" name="com.wyden.test.AutomatedWeb.PerfilTest" tests="4" failures="0" timestamp="01 jul 2018 20:22:26 GMT" time="3.066" errors="0">
  <testcase name="acessarMenuPerfilTest" time="0.403" classname="com.wyden.test.AutomatedWeb.PerfilTest"/>
  <testcase name="cadastrarEValidarPerfilInativoTest" time="1.403" classname="com.wyden.test.AutomatedWeb.PerfilTest"/>
  <testcase name="editarEValidarPerfilTest" time="1.057" classname="com.wyden.test.AutomatedWeb.PerfilTest"/>
  <testcase name="removerEValidarPerfilTest" time="0.203" classname="com.wyden.test.AutomatedWeb.PerfilTest"/>
</testsuite> <!-- com.wyden.test.AutomatedWeb.PerfilTest -->
