<?xml version="1.0" encoding="UTF-8"?>
<!-- Generated by org.testng.reporters.JUnitReportReporter -->
<testsuite skipped="0" hostname="DESKTOP-VE578IL" name="com.wyden.test.AutomatedWeb.UsuarioTest" tests="4" failures="0" timestamp="01 jul 2018 20:22:26 GMT" time="7.152" errors="0">
  <testcase name="acessarMenuUsuarioTest" time="0.529" classname="com.wyden.test.AutomatedWeb.UsuarioTest"/>
  <testcase name="cadastrarEValidarUsuarioInativoTest" time="5.356" classname="com.wyden.test.AutomatedWeb.UsuarioTest"/>
  <testcase name="editarEValidarUsuarioTest" time="1.075" classname="com.wyden.test.AutomatedWeb.UsuarioTest"/>
  <testcase name="removerEValidarUsuarioTest" time="0.192" classname="com.wyden.test.AutomatedWeb.UsuarioTest"/>
</testsuite> <!-- com.wyden.test.AutomatedWeb.UsuarioTest -->
