<?xml version="1.0" encoding="UTF-8"?>
<!-- Generated by org.testng.reporters.JUnitReportReporter -->
<testsuite skipped="0" hostname="DESKTOP-VE578IL" name="com.wyden.test.AutomatedWeb.UnidadeTest" tests="4" failures="0" timestamp="01 jul 2018 20:22:26 GMT" time="2.492" errors="0">
  <testcase name="acessarMenuUnidadeTest" time="0.344" classname="com.wyden.test.AutomatedWeb.UnidadeTest"/>
  <testcase name="cadastrarEValidarUnidadeInativaTest" time="0.937" classname="com.wyden.test.AutomatedWeb.UnidadeTest"/>
  <testcase name="editarEValidarUnidadeTest" time="1.024" classname="com.wyden.test.AutomatedWeb.UnidadeTest"/>
  <testcase name="removerEValidarUnidadeTest" time="0.187" classname="com.wyden.test.AutomatedWeb.UnidadeTest"/>
</testsuite> <!-- com.wyden.test.AutomatedWeb.UnidadeTest -->
