<?xml version="1.0" encoding="UTF-8"?>
<!-- Generated by org.testng.reporters.JUnitReportReporter -->
<testsuite skipped="0" hostname="DESKTOP-VE578IL" name="com.wyden.test.AutomatedWeb.SeleniumTest" tests="4" failures="0" timestamp="24 jun 2018 00:01:26 GMT" time="9.859" errors="0">
  <testcase name="acessarMenuUnidadesTeste" time="2.239" classname="com.wyden.test.AutomatedWeb.SeleniumTest"/>
  <testcase name="cadastrarEValidarUnidadeInativa" time="3.272" classname="com.wyden.test.AutomatedWeb.SeleniumTest"/>
  <testcase name="editarEValidarUnidade" time="3.222" classname="com.wyden.test.AutomatedWeb.SeleniumTest"/>
  <testcase name="removerEValidarUnidade" time="1.126" classname="com.wyden.test.AutomatedWeb.SeleniumTest"/>
</testsuite> <!-- com.wyden.test.AutomatedWeb.SeleniumTest -->
