<?xml version="1.0" encoding="UTF-8"?>
<!-- Generated by org.testng.reporters.JUnitReportReporter -->
<testsuite skipped="0" hostname="DESKTOP-VE578IL" name="com.wyden.autoweb.test.PerfilTest" tests="4" failures="0" timestamp="01 jul 2018 22:48:41 GMT" time="5.662" errors="0">
  <testcase name="acessarMenuPerfilTest" time="0.719" classname="com.wyden.autoweb.test.PerfilTest"/>
  <testcase name="cadastrarEValidarPerfilInativoTest" time="1.787" classname="com.wyden.autoweb.test.PerfilTest"/>
  <testcase name="editarEValidarPerfilTest" time="1.560" classname="com.wyden.autoweb.test.PerfilTest"/>
  <testcase name="removerEValidarPerfilTest" time="1.596" classname="com.wyden.autoweb.test.PerfilTest"/>
</testsuite> <!-- com.wyden.autoweb.test.PerfilTest -->
