<?xml version="1.0" encoding="UTF-8"?>
<!-- Generated by org.testng.reporters.JUnitReportReporter -->
<testsuite skipped="0" hostname="DESKTOP-VE578IL" name="com.wyden.autoweb.test.UnidadeTest" tests="4" failures="0" timestamp="01 jul 2018 22:48:41 GMT" time="4.531" errors="0">
  <testcase name="acessarMenuUnidadeTest" time="0.537" classname="com.wyden.autoweb.test.UnidadeTest"/>
  <testcase name="cadastrarEValidarUnidadeInativaTest" time="1.207" classname="com.wyden.autoweb.test.UnidadeTest"/>
  <testcase name="editarEValidarUnidadeTest" time="1.082" classname="com.wyden.autoweb.test.UnidadeTest"/>
  <testcase name="removerEValidarUnidadeTest" time="1.705" classname="com.wyden.autoweb.test.UnidadeTest"/>
</testsuite> <!-- com.wyden.autoweb.test.UnidadeTest -->
