<?xml version="1.0" encoding="UTF-8"?>
<!-- Generated by org.testng.reporters.JUnitReportReporter -->
<testsuite skipped="0" hostname="Meow" name="com.wyden.autoweb.test.UsuarioTest" tests="4" failures="0" timestamp="02 set 2018 02:30:18 GMT" time="10.330" errors="0">
  <testcase name="acessarMenuUsuarioTest" time="1.665" classname="com.wyden.autoweb.test.UsuarioTest"/>
  <testcase name="cadastrarEValidarUsuarioInativoTest" time="3.895" classname="com.wyden.autoweb.test.UsuarioTest"/>
  <testcase name="editarEValidarUsuarioTest" time="2.753" classname="com.wyden.autoweb.test.UsuarioTest"/>
  <testcase name="removerEValidarUsuarioTest" time="2.017" classname="com.wyden.autoweb.test.UsuarioTest"/>
</testsuite> <!-- com.wyden.autoweb.test.UsuarioTest -->
