<?xml version="1.0" encoding="UTF-8"?>
<!-- Generated by org.testng.reporters.JUnitReportReporter -->
<testsuite skipped="0" hostname="DESKTOP-VE578IL" name="com.wyden.autoweb.test.UsuarioTest" tests="4" failures="0" timestamp="01 jul 2018 22:48:41 GMT" time="38.179" errors="0">
  <testcase name="acessarMenuUsuarioTest" time="5.857" classname="com.wyden.autoweb.test.UsuarioTest"/>
  <testcase name="cadastrarEValidarUsuarioInativoTest" time="14.289" classname="com.wyden.autoweb.test.UsuarioTest"/>
  <testcase name="editarEValidarUsuarioTest" time="11.340" classname="com.wyden.autoweb.test.UsuarioTest"/>
  <testcase name="removerEValidarUsuarioTest" time="6.693" classname="com.wyden.autoweb.test.UsuarioTest"/>
</testsuite> <!-- com.wyden.autoweb.test.UsuarioTest -->
