<?xml version="1.0" encoding="UTF-8"?>
<!-- Generated by org.testng.reporters.JUnitReportReporter -->
<testsuite skipped="0" hostname="Meow" name="com.wyden.autoweb.test.UnidadeTest" tests="4" failures="0" timestamp="02 set 2018 02:30:18 GMT" time="8.358" errors="0">
  <testcase name="acessarMenuUnidadeTest" time="1.552" classname="com.wyden.autoweb.test.UnidadeTest"/>
  <testcase name="cadastrarEValidarUnidadeInativaTest" time="2.316" classname="com.wyden.autoweb.test.UnidadeTest"/>
  <testcase name="editarEValidarUnidadeTest" time="2.310" classname="com.wyden.autoweb.test.UnidadeTest"/>
  <testcase name="removerEValidarUnidadeTest" time="2.180" classname="com.wyden.autoweb.test.UnidadeTest"/>
</testsuite> <!-- com.wyden.autoweb.test.UnidadeTest -->
