<?xml version="1.0" encoding="UTF-8"?>
<!-- Generated by org.testng.reporters.JUnitReportReporter -->
<testsuite skipped="0" hostname="Meow" name="com.wyden.autoweb.test.PerfilTest" tests="4" failures="0" timestamp="02 set 2018 02:30:18 GMT" time="9.213" errors="0">
  <testcase name="acessarMenuPerfilTest" time="0.974" classname="com.wyden.autoweb.test.PerfilTest"/>
  <testcase name="cadastrarEValidarPerfilInativoTest" time="2.709" classname="com.wyden.autoweb.test.PerfilTest"/>
  <testcase name="editarEValidarPerfilTest" time="3.478" classname="com.wyden.autoweb.test.PerfilTest"/>
  <testcase name="removerEValidarPerfilTest" time="2.052" classname="com.wyden.autoweb.test.PerfilTest"/>
</testsuite> <!-- com.wyden.autoweb.test.PerfilTest -->
